  Moc'ing myactions.h...
  Moc'ing start_window.hpp...
  Moc'ing binexport_class.hpp...
  Moc'ing db_connection.hpp...
  Moc'ing key_press_eater.hpp...
  Moc'ing notepad_window.hpp...
  Moc'ing tree_window.hpp...
  Moc'ing first_window.hpp...
  moc_binexport_class.cpp
D:\idasdk76\include\pro.h(85): warning C4005: WIN32_LEAN_AND_MEAN: изменение макроопределения
  D:\idasdk76\include\pro.h(85): note: аргументы командной строки:  см. предыдущее определение "WIN32_LEAN_AND_MEAN"
  moc_db_connection.cpp
D:\idasdk76\include\pro.h(85): warning C4005: WIN32_LEAN_AND_MEAN: изменение макроопределения
  D:\idasdk76\include\pro.h(85): note: аргументы командной строки:  см. предыдущее определение "WIN32_LEAN_AND_MEAN"
  moc_first_window.cpp
D:\idasdk76\include\pro.h(85): warning C4005: WIN32_LEAN_AND_MEAN: изменение макроопределения
  D:\idasdk76\include\pro.h(85): note: аргументы командной строки:  см. предыдущее определение "WIN32_LEAN_AND_MEAN"
  moc_key_press_eater.cpp
D:\idasdk76\include\pro.h(85): warning C4005: WIN32_LEAN_AND_MEAN: изменение макроопределения
  D:\idasdk76\include\pro.h(85): note: аргументы командной строки:  см. предыдущее определение "WIN32_LEAN_AND_MEAN"
  moc_notepad_window.cpp
D:\idasdk76\include\pro.h(85): warning C4005: WIN32_LEAN_AND_MEAN: изменение макроопределения
  D:\idasdk76\include\pro.h(85): note: аргументы командной строки:  см. предыдущее определение "WIN32_LEAN_AND_MEAN"
  moc_start_window.cpp
D:\idasdk76\include\pro.h(85): warning C4005: WIN32_LEAN_AND_MEAN: изменение макроопределения
  D:\idasdk76\include\pro.h(85): note: аргументы командной строки:  см. предыдущее определение "WIN32_LEAN_AND_MEAN"
  moc_tree_window.cpp
  address_references.cc
  arm.cc
  basic_block.cc
  binexport2_writer.cc
  binexport_class.cpp
D:\idasdk76\include\pro.h(85): warning C4005: WIN32_LEAN_AND_MEAN: изменение макроопределения
  D:\idasdk76\include\pro.h(85): note: аргументы командной строки:  см. предыдущее определение "WIN32_LEAN_AND_MEAN"
  call_graph.cc
  dalvik.cc
  db_connection.cpp
D:\idasdk76\include\pro.h(85): warning C4005: WIN32_LEAN_AND_MEAN: изменение макроопределения
  D:\idasdk76\include\pro.h(85): note: аргументы командной строки:  см. предыдущее определение "WIN32_LEAN_AND_MEAN"
  dump_writer.cc
  entry_point.cc
  exporter.cpp
  expression.cc
  first_window.cpp
D:\idasdk76\include\pro.h(85): warning C4005: WIN32_LEAN_AND_MEAN: изменение макроопределения
  D:\idasdk76\include\pro.h(85): note: аргументы командной строки:  см. предыдущее определение "WIN32_LEAN_AND_MEAN"
  Создание кода...
  Компиляция...
  flow_analysis.cc
  flow_graph.cc
  function.cc
  generic.cc
  highlight.cpp
D:\idasdk76\include\pro.h(85): warning C4005: WIN32_LEAN_AND_MEAN: изменение макроопределения
  D:\idasdk76\include\pro.h(85): note: аргументы командной строки:  см. предыдущее определение "WIN32_LEAN_AND_MEAN"
D:\idasdk76\include\ida.hpp(1019): warning C4800: ssize_t: принудительно задано логическое значение "true" или "false" (предупреждение о производительности)
D:\idasdk76\include\ida.hpp(1039): warning C4800: ssize_t: принудительно задано логическое значение "true" или "false" (предупреждение о производительности)
D:\idasdk76\include\ida.hpp(1057): warning C4800: ssize_t: принудительно задано логическое значение "true" или "false" (предупреждение о производительности)
D:\idasdk76\include\ida.hpp(1060): warning C4800: ssize_t: принудительно задано логическое значение "true" или "false" (предупреждение о производительности)
  instruction.cc
  main.cpp
D:\idasdk76\include\pro.h(85): warning C4005: WIN32_LEAN_AND_MEAN: изменение макроопределения
  D:\idasdk76\include\pro.h(85): note: аргументы командной строки:  см. предыдущее определение "WIN32_LEAN_AND_MEAN"
main.cpp(186): warning C4129: *: неизвестная escape-последовательность
main.cpp(189): warning C4129: *: неизвестная escape-последовательность
  metapc.cc
metapc.cc(212): warning C4334: <<: результат 32-разрядного смещения неявно преобразуется в 64-разрядное значение (предполагалось 64-разрядное смещение?)
metapc.cc(274): warning C4334: <<: результат 32-разрядного смещения неявно преобразуется в 64-разрядное значение (предполагалось 64-разрядное смещение?)
metapc.cc(335): warning C4334: <<: результат 32-разрядного смещения неявно преобразуется в 64-разрядное значение (предполагалось 64-разрядное смещение?)
  mips.cc
  names.cc
D:\idasdk76\include\ida.hpp(1019): warning C4800: ssize_t: принудительно задано логическое значение "true" или "false" (предупреждение о производительности)
D:\idasdk76\include\ida.hpp(1039): warning C4800: ssize_t: принудительно задано логическое значение "true" или "false" (предупреждение о производительности)
D:\idasdk76\include\ida.hpp(1057): warning C4800: ssize_t: принудительно задано логическое значение "true" или "false" (предупреждение о производительности)
D:\idasdk76\include\ida.hpp(1060): warning C4800: ssize_t: принудительно задано логическое значение "true" или "false" (предупреждение о производительности)
  notepad_window.cpp
D:\idasdk76\include\pro.h(85): warning C4005: WIN32_LEAN_AND_MEAN: изменение макроопределения
  D:\idasdk76\include\pro.h(85): note: аргументы командной строки:  см. предыдущее определение "WIN32_LEAN_AND_MEAN"
  pe_heders.cpp
D:\idasdk76\include\pro.h(85): warning C4005: WIN32_LEAN_AND_MEAN: изменение макроопределения
  D:\idasdk76\include\pro.h(85): note: аргументы командной строки:  см. предыдущее определение "WIN32_LEAN_AND_MEAN"
pe_heders.cpp(161): warning C4311: reinterpret_cast: усечение указателя из "LPVOID" в "DWORD"
pe_heders.cpp(161): warning C4302: reinterpret_cast: усечение из "LPVOID" в "DWORD"
pe_heders.cpp(161): warning C4312: reinterpret_cast: преобразование из "unsigned long" в "PIMAGE_NT_HEADERS" большего размера
pe_heders.cpp(270): warning C4311: reinterpret_cast: усечение указателя из "PIMAGE_NT_HEADERS" в "DWORD"
pe_heders.cpp(270): warning C4302: reinterpret_cast: усечение из "PIMAGE_NT_HEADERS" в "DWORD"
pe_heders.cpp(282): warning C4312: reinterpret_cast: преобразование из "DWORD" в "PIMAGE_SECTION_HEADER" большего размера
pe_heders.cpp(332): warning C4311: приведение типов: усечение указателя из "LPVOID" в "DWORD"
pe_heders.cpp(332): warning C4302: приведение типов: усечение из "LPVOID" в "DWORD"
pe_heders.cpp(338): warning C4312: reinterpret_cast: преобразование из "unsigned long" в "PIMAGE_IMPORT_DESCRIPTOR" большего размера
pe_heders.cpp(338): warning C4090: =: разные квалификаторы "__unaligned"
pe_heders.cpp(346): warning C4312: reinterpret_cast: преобразование из "unsigned long" в "PIMAGE_THUNK_DATA" большего размера
  ppc.cc
  settings.cpp
D:\idasdk76\include\pro.h(85): warning C4005: WIN32_LEAN_AND_MEAN: изменение макроопределения
  D:\idasdk76\include\pro.h(85): note: аргументы командной строки:  см. предыдущее определение "WIN32_LEAN_AND_MEAN"
  start_window.cpp
D:\idasdk76\include\pro.h(85): warning C4005: WIN32_LEAN_AND_MEAN: изменение макроопределения
  D:\idasdk76\include\pro.h(85): note: аргументы командной строки:  см. предыдущее определение "WIN32_LEAN_AND_MEAN"
  statistics_writer.cc
  tree_window.cpp
  types_container.cc
  ui.cc
D:\idasdk76\include\ida.hpp(1019): warning C4800: ssize_t: принудительно задано логическое значение "true" или "false" (предупреждение о производительности)
D:\idasdk76\include\ida.hpp(1039): warning C4800: ssize_t: принудительно задано логическое значение "true" или "false" (предупреждение о производительности)
D:\idasdk76\include\ida.hpp(1057): warning C4800: ssize_t: принудительно задано логическое значение "true" или "false" (предупреждение о производительности)
D:\idasdk76\include\ida.hpp(1060): warning C4800: ssize_t: принудительно задано логическое значение "true" или "false" (предупреждение о производительности)
  Создание кода...
LINK : fatal error LNK1181: не удается открыть входной файл "\.obj"
