d:\documents\visual studio 2015\projects\idaplugin - vs2015\idaplugin\x64\release\metapc.obj
d:\documents\visual studio 2015\projects\idaplugin - vs2015\idaplugin\x64\release\main_plugin.obj
d:\documents\visual studio 2015\projects\idaplugin - vs2015\idaplugin\x64\release\main.obj
d:\documents\visual studio 2015\projects\idaplugin - vs2015\idaplugin\x64\release\log_sink.obj
d:\documents\visual studio 2015\projects\idaplugin - vs2015\idaplugin\x64\release\key_press_eater.obj
d:\documents\visual studio 2015\projects\idaplugin - vs2015\idaplugin\x64\release\highlight.obj
d:\documents\visual studio 2015\projects\idaplugin - vs2015\idaplugin\x64\release\help_functions.obj
d:\documents\visual studio 2015\projects\idaplugin - vs2015\idaplugin\x64\release\generic.obj
d:\documents\visual studio 2015\projects\idaplugin - vs2015\idaplugin\x64\release\moc_tree_window.obj
d:\documents\visual studio 2015\projects\idaplugin - vs2015\idaplugin\x64\release\moc_start_window.obj
d:\documents\visual studio 2015\projects\idaplugin - vs2015\idaplugin\x64\release\moc_notepad_window.obj
d:\documents\visual studio 2015\projects\idaplugin - vs2015\idaplugin\x64\release\moc_key_press_eater.obj
d:\documents\visual studio 2015\projects\idaplugin - vs2015\idaplugin\x64\release\moc_first_window.obj
d:\documents\visual studio 2015\projects\idaplugin - vs2015\idaplugin\x64\release\moc_db_connection.obj
d:\documents\visual studio 2015\projects\idaplugin - vs2015\idaplugin\x64\release\flow_analysis.obj
d:\documents\visual studio 2015\projects\idaplugin - vs2015\idaplugin\x64\release\first_window.obj
d:\documents\visual studio 2015\projects\idaplugin - vs2015\idaplugin\x64\release\digest.obj
d:\documents\visual studio 2015\projects\idaplugin - vs2015\idaplugin\x64\release\db_connection.obj
d:\documents\visual studio 2015\projects\idaplugin - vs2015\idaplugin\x64\release\dalvik.obj
d:\documents\visual studio 2015\projects\idaplugin - vs2015\idaplugin\x64\release\arm.obj
d:\documents\visual studio 2015\projects\idaplugin - vs2015\idaplugin\x64\release\util.obj
d:\documents\visual studio 2015\projects\idaplugin - vs2015\idaplugin\x64\release\ui.obj
d:\documents\visual studio 2015\projects\idaplugin - vs2015\idaplugin\x64\release\types_container.obj
d:\documents\visual studio 2015\projects\idaplugin - vs2015\idaplugin\x64\release\tree_window.obj
d:\documents\visual studio 2015\projects\idaplugin - vs2015\idaplugin\x64\release\jsoncpp.obj
d:\documents\visual studio 2015\projects\idaplugin - vs2015\idaplugin\x64\release\instruction.obj
d:\documents\visual studio 2015\projects\idaplugin - vs2015\idaplugin\x64\release\symbolize.obj
d:\documents\visual studio 2015\projects\idaplugin - vs2015\idaplugin\x64\release\stacktrace.obj
d:\documents\visual studio 2015\projects\idaplugin - vs2015\idaplugin\x64\release\start_window.obj
d:\documents\visual studio 2015\projects\idaplugin - vs2015\idaplugin\x64\release\ppc.obj
d:\documents\visual studio 2015\projects\idaplugin - vs2015\idaplugin\x64\release\pe_heders.obj
d:\documents\visual studio 2015\projects\idaplugin - vs2015\idaplugin\x64\release\notepad_window.obj
d:\documents\visual studio 2015\projects\idaplugin - vs2015\idaplugin\x64\release\names.obj
d:\documents\visual studio 2015\projects\idaplugin - vs2015\idaplugin\x64\release\mips.obj
d:\documents\visual studio 2015\projects\idaplugin - vs2015\idaplugin\x64\release\function.obj
d:\documents\visual studio 2015\projects\idaplugin - vs2015\idaplugin\x64\release\format.obj
d:\documents\visual studio 2015\projects\idaplugin - vs2015\idaplugin\x64\release\flow_graph.obj
d:\documents\visual studio 2015\projects\idaplugin - vs2015\idaplugin\x64\release\filesystem.obj
d:\documents\visual studio 2015\projects\idaplugin - vs2015\idaplugin\x64\release\expression.obj
d:\documents\visual studio 2015\projects\idaplugin - vs2015\idaplugin\x64\release\entry_point.obj
d:\documents\visual studio 2015\projects\idaplugin - vs2015\idaplugin\x64\release\edge.obj
d:\documents\visual studio 2015\projects\idaplugin - vs2015\idaplugin\x64\release\dump_writer.obj
d:\documents\visual studio 2015\projects\idaplugin - vs2015\idaplugin\x64\release\comment.obj
d:\documents\visual studio 2015\projects\idaplugin - vs2015\idaplugin\x64\release\call_graph.obj
d:\documents\visual studio 2015\projects\idaplugin - vs2015\idaplugin\x64\release\binexport2_writer.obj
d:\documents\visual studio 2015\projects\idaplugin - vs2015\idaplugin\x64\release\binexport2.pb.obj
d:\documents\visual studio 2015\projects\idaplugin - vs2015\idaplugin\x64\release\binexport.obj
d:\documents\visual studio 2015\projects\idaplugin - vs2015\idaplugin\x64\release\basic_block.obj
d:\documents\visual studio 2015\projects\idaplugin - vs2015\idaplugin\x64\release\base_types.obj
d:\documents\visual studio 2015\projects\idaplugin - vs2015\idaplugin\x64\release\address_references.obj
d:\documents\visual studio 2015\projects\idaplugin - vs2015\idaplugin\x64\release\x86_nop.obj
d:\documents\visual studio 2015\projects\idaplugin - vs2015\idaplugin\x64\release\virtual_memory.obj
d:\documents\visual studio 2015\projects\idaplugin - vs2015\idaplugin\x64\release\type_system.obj
d:\documents\visual studio 2015\projects\idaplugin - vs2015\idaplugin\x64\release\testing.obj
d:\documents\visual studio 2015\projects\idaplugin - vs2015\idaplugin\x64\release\statistics_writer.obj
d:\documents\visual studio 2015\projects\idaplugin - vs2015\idaplugin\x64\release\process.obj
d:\documents\visual studio 2015\projects\idaplugin - vs2015\idaplugin\x64\release\operand.obj
d:\documents\visual studio 2015\projects\idaplugin - vs2015\idaplugin\x64\release\logging.obj
d:\documents\visual studio 2015\projects\idaplugin - vs2015\idaplugin\x64\release\library_manager.obj
d:\documents\visual studio 2015\projects\idaplugin - vs2015\idaplugin\x64\release\idb_export.obj
d:\documents\visual studio 2015\projects\idaplugin - vs2015\idaplugin\x64\release\hash.obj
d:\documents\visual studio 2015\projects\idaplugin - vs2015\idaplugin\generatedfiles\release\moc_myactions.cpp
d:\documents\visual studio 2015\projects\idaplugin - vs2015\idaplugin\generatedfiles\release\moc_start_window.cpp
d:\documents\visual studio 2015\projects\idaplugin - vs2015\idaplugin\generatedfiles\ui_start_window.h
d:\documents\visual studio 2015\projects\idaplugin - vs2015\idaplugin\generatedfiles\release\moc_db_connection.cpp
d:\documents\visual studio 2015\projects\idaplugin - vs2015\idaplugin\generatedfiles\release\moc_key_press_eater.cpp
d:\documents\visual studio 2015\projects\idaplugin - vs2015\idaplugin\generatedfiles\release\moc_notepad_window.cpp
d:\documents\visual studio 2015\projects\idaplugin - vs2015\idaplugin\generatedfiles\release\moc_tree_window.cpp
d:\documents\visual studio 2015\projects\idaplugin - vs2015\idaplugin\generatedfiles\release\moc_first_window.cpp
d:\documents\visual studio 2015\projects\idaplugin - vs2015\idaplugin\generatedfiles\ui_first_window.h
d:\documents\visual studio 2015\projects\idaplugin - vs2015\idaplugin\generatedfiles\ui_tree_window.h
d:\documents\visual studio 2015\projects\idaplugin - vs2015\idaplugin\generatedfiles\ui_notepad_window.h
d:\documents\visual studio 2015\projects\idaplugin - vs2015\idaplugin\generatedfiles\ui_db_connection.h
f:\ida_pro_76\ida76sp1\plugins\idaplugin.lib
f:\ida_pro_76\ida76sp1\plugins\idaplugin.exp
f:\ida_pro_76\ida76sp1\plugins\idaplugin.dll
f:\ida_pro_76\ida76sp1\plugins\idaplugin.pdb
f:\ida_pro_76\ida76sp1\plugins\idaplugin.ilk
d:\documents\visual studio 2015\projects\idaplugin - vs2015\idaplugin\x64\release\idaplugin.tlog\cl.command.1.tlog
d:\documents\visual studio 2015\projects\idaplugin - vs2015\idaplugin\x64\release\idaplugin.tlog\cl.read.1.tlog
d:\documents\visual studio 2015\projects\idaplugin - vs2015\idaplugin\x64\release\idaplugin.tlog\cl.write.1.tlog
d:\documents\visual studio 2015\projects\idaplugin - vs2015\idaplugin\x64\release\idaplugin.tlog\custombuild.command.1.tlog
d:\documents\visual studio 2015\projects\idaplugin - vs2015\idaplugin\x64\release\idaplugin.tlog\custombuild.read.1.tlog
d:\documents\visual studio 2015\projects\idaplugin - vs2015\idaplugin\x64\release\idaplugin.tlog\custombuild.write.1.tlog
d:\documents\visual studio 2015\projects\idaplugin - vs2015\idaplugin\x64\release\idaplugin.tlog\idaplugin.write.1u.tlog
d:\documents\visual studio 2015\projects\idaplugin - vs2015\idaplugin\x64\release\idaplugin.tlog\link.command.1.tlog
d:\documents\visual studio 2015\projects\idaplugin - vs2015\idaplugin\x64\release\idaplugin.tlog\link.read.1.tlog
d:\documents\visual studio 2015\projects\idaplugin - vs2015\idaplugin\x64\release\idaplugin.tlog\link.write.1.tlog
