d:\documents\visual studio 2015\projects\idaplugin - vs2015\idaplugin\x64\debug\vc140.pdb
d:\documents\visual studio 2015\projects\idaplugin - vs2015\idaplugin\x64\debug\flow_graph.obj
d:\documents\visual studio 2015\projects\idaplugin - vs2015\idaplugin\x64\debug\first_window.obj
d:\documents\visual studio 2015\projects\idaplugin - vs2015\idaplugin\x64\debug\expression.obj
d:\documents\visual studio 2015\projects\idaplugin - vs2015\idaplugin\x64\debug\entry_point.obj
d:\documents\visual studio 2015\projects\idaplugin - vs2015\idaplugin\x64\debug\edge.obj
d:\documents\visual studio 2015\projects\idaplugin - vs2015\idaplugin\x64\debug\db_connection.obj
d:\documents\visual studio 2015\projects\idaplugin - vs2015\idaplugin\x64\debug\call_graph.obj
d:\documents\visual studio 2015\projects\idaplugin - vs2015\idaplugin\x64\debug\binexport2.pb.obj
d:\documents\visual studio 2015\projects\idaplugin - vs2015\idaplugin\x64\debug\basic_block.obj
d:\documents\visual studio 2015\projects\idaplugin - vs2015\idaplugin\x64\debug\base_types.obj
d:\documents\visual studio 2015\projects\idaplugin - vs2015\idaplugin\x64\debug\address_references.obj
d:\documents\visual studio 2015\projects\idaplugin - vs2015\idaplugin\x64\debug\main_plugin.obj
d:\documents\visual studio 2015\projects\idaplugin - vs2015\idaplugin\x64\debug\main.obj
d:\documents\visual studio 2015\projects\idaplugin - vs2015\idaplugin\x64\debug\library_manager.obj
d:\documents\visual studio 2015\projects\idaplugin - vs2015\idaplugin\x64\debug\key_press_eater.obj
d:\documents\visual studio 2015\projects\idaplugin - vs2015\idaplugin\x64\debug\instruction.obj
d:\documents\visual studio 2015\projects\idaplugin - vs2015\idaplugin\x64\debug\highlight.obj
d:\documents\visual studio 2015\projects\idaplugin - vs2015\idaplugin\x64\debug\help_functions.obj
d:\documents\visual studio 2015\projects\idaplugin - vs2015\idaplugin\x64\debug\hash.obj
d:\documents\visual studio 2015\projects\idaplugin - vs2015\idaplugin\x64\debug\moc_tree_window.obj
d:\documents\visual studio 2015\projects\idaplugin - vs2015\idaplugin\x64\debug\moc_start_window.obj
d:\documents\visual studio 2015\projects\idaplugin - vs2015\idaplugin\x64\debug\moc_notepad_window.obj
d:\documents\visual studio 2015\projects\idaplugin - vs2015\idaplugin\x64\debug\moc_key_press_eater.obj
d:\documents\visual studio 2015\projects\idaplugin - vs2015\idaplugin\x64\debug\moc_first_window.obj
d:\documents\visual studio 2015\projects\idaplugin - vs2015\idaplugin\x64\debug\moc_db_connection.obj
d:\documents\visual studio 2015\projects\idaplugin - vs2015\idaplugin\x64\debug\function.obj
d:\documents\visual studio 2015\projects\idaplugin - vs2015\idaplugin\x64\debug\virtual_memory.obj
d:\documents\visual studio 2015\projects\idaplugin - vs2015\idaplugin\x64\debug\type_system.obj
d:\documents\visual studio 2015\projects\idaplugin - vs2015\idaplugin\x64\debug\tree_window.obj
d:\documents\visual studio 2015\projects\idaplugin - vs2015\idaplugin\x64\debug\jsoncpp.obj
d:\documents\visual studio 2015\projects\idaplugin - vs2015\idaplugin\x64\debug\symbolize.obj
d:\documents\visual studio 2015\projects\idaplugin - vs2015\idaplugin\x64\debug\stacktrace.obj
d:\documents\visual studio 2015\projects\idaplugin - vs2015\idaplugin\x64\debug\start_window.obj
d:\documents\visual studio 2015\projects\idaplugin - vs2015\idaplugin\x64\debug\pe_heders.obj
d:\documents\visual studio 2015\projects\idaplugin - vs2015\idaplugin\x64\debug\operand.obj
d:\documents\visual studio 2015\projects\idaplugin - vs2015\idaplugin\x64\debug\notepad_window.obj
d:\documents\visual studio 2015\projects\idaplugin - vs2015\idaplugin\x64\debug\x86_nop.obj
d:\documents\visual studio 2015\projects\idaplugin - vs2015\idaplugin\generatedfiles\debug\moc_myactions.cpp
d:\documents\visual studio 2015\projects\idaplugin - vs2015\idaplugin\generatedfiles\debug\moc_start_window.cpp
d:\documents\visual studio 2015\projects\idaplugin - vs2015\idaplugin\generatedfiles\ui_start_window.h
d:\documents\visual studio 2015\projects\idaplugin - vs2015\idaplugin\generatedfiles\debug\moc_db_connection.cpp
d:\documents\visual studio 2015\projects\idaplugin - vs2015\idaplugin\generatedfiles\debug\moc_key_press_eater.cpp
d:\documents\visual studio 2015\projects\idaplugin - vs2015\idaplugin\generatedfiles\debug\moc_notepad_window.cpp
d:\documents\visual studio 2015\projects\idaplugin - vs2015\idaplugin\generatedfiles\debug\moc_tree_window.cpp
d:\documents\visual studio 2015\projects\idaplugin - vs2015\idaplugin\generatedfiles\debug\moc_first_window.cpp
d:\documents\visual studio 2015\projects\idaplugin - vs2015\idaplugin\generatedfiles\ui_first_window.h
d:\documents\visual studio 2015\projects\idaplugin - vs2015\idaplugin\generatedfiles\ui_tree_window.h
d:\documents\visual studio 2015\projects\idaplugin - vs2015\idaplugin\generatedfiles\ui_notepad_window.h
d:\documents\visual studio 2015\projects\idaplugin - vs2015\idaplugin\generatedfiles\ui_db_connection.h
d:\documents\visual studio 2015\projects\idaplugin - vs2015\idaplugin\x64\debug\idaplugin.tlog\cl.command.1.tlog
d:\documents\visual studio 2015\projects\idaplugin - vs2015\idaplugin\x64\debug\idaplugin.tlog\cl.read.1.tlog
d:\documents\visual studio 2015\projects\idaplugin - vs2015\idaplugin\x64\debug\idaplugin.tlog\cl.write.1.tlog
d:\documents\visual studio 2015\projects\idaplugin - vs2015\idaplugin\x64\debug\idaplugin.tlog\custombuild.command.1.tlog
d:\documents\visual studio 2015\projects\idaplugin - vs2015\idaplugin\x64\debug\idaplugin.tlog\custombuild.read.1.tlog
d:\documents\visual studio 2015\projects\idaplugin - vs2015\idaplugin\x64\debug\idaplugin.tlog\custombuild.write.1.tlog
