  call_graph.cc
  exporter.cpp
  first_window.cpp
D:\idasdk76\include\pro.h(85): warning C4005: WIN32_LEAN_AND_MEAN: изменение макроопределения
  D:\idasdk76\include\pro.h(85): note: аргументы командной строки:  см. предыдущее определение "WIN32_LEAN_AND_MEAN"
  flow_analysis.cc
  flow_graph.cc
  start_window.cpp
D:\idasdk76\include\pro.h(85): warning C4005: WIN32_LEAN_AND_MEAN: изменение макроопределения
  D:\idasdk76\include\pro.h(85): note: аргументы командной строки:  см. предыдущее определение "WIN32_LEAN_AND_MEAN"
start_window.cpp(387): warning C4129: s: неизвестная escape-последовательность
  Создание кода...
     Создается библиотека F:\IDA_Pro_76\ida76sp1\plugins\IdaPlugin64.lib и объект F:\IDA_Pro_76\ida76sp1\plugins\IdaPlugin64.exp
absl_bad_optional_access.lib(bad_optional_access.obj) : warning LNK4099: "absl_bad_optional_access.pdb" PDB не найден с "absl_bad_optional_access.lib(bad_optional_access.obj)" или на "F:\IDA_Pro_76\ida76sp1\plugins\absl_bad_optional_access.pdb"; компоновка объекта выполняется как при отсутствии отладочных данных
absl_base.lib(cycleclock.obj) : warning LNK4099: "absl_base.pdb" PDB не найден с "absl_base.lib(cycleclock.obj)" или на "F:\IDA_Pro_76\ida76sp1\plugins\absl_base.pdb"; компоновка объекта выполняется как при отсутствии отладочных данных
absl_base.lib(spinlock.obj) : warning LNK4099: "absl_base.pdb" PDB не найден с "absl_base.lib(spinlock.obj)" или на "F:\IDA_Pro_76\ida76sp1\plugins\absl_base.pdb"; компоновка объекта выполняется как при отсутствии отладочных данных
absl_base.lib(sysinfo.obj) : warning LNK4099: "absl_base.pdb" PDB не найден с "absl_base.lib(sysinfo.obj)" или на "F:\IDA_Pro_76\ida76sp1\plugins\absl_base.pdb"; компоновка объекта выполняется как при отсутствии отладочных данных
absl_base.lib(thread_identity.obj) : warning LNK4099: "absl_base.pdb" PDB не найден с "absl_base.lib(thread_identity.obj)" или на "F:\IDA_Pro_76\ida76sp1\plugins\absl_base.pdb"; компоновка объекта выполняется как при отсутствии отладочных данных
absl_base.lib(unscaledcycleclock.obj) : warning LNK4099: "absl_base.pdb" PDB не найден с "absl_base.lib(unscaledcycleclock.obj)" или на "F:\IDA_Pro_76\ida76sp1\plugins\absl_base.pdb"; компоновка объекта выполняется как при отсутствии отладочных данных
absl_city.lib(city.obj) : warning LNK4099: "absl_city.pdb" PDB не найден с "absl_city.lib(city.obj)" или на "F:\IDA_Pro_76\ida76sp1\plugins\absl_city.pdb"; компоновка объекта выполняется как при отсутствии отладочных данных
absl_cord.lib(cord.obj) : warning LNK4099: "absl_cord.pdb" PDB не найден с "absl_cord.lib(cord.obj)" или на "F:\IDA_Pro_76\ida76sp1\plugins\absl_cord.pdb"; компоновка объекта выполняется как при отсутствии отладочных данных
absl_graphcycles_internal.lib(graphcycles.obj) : warning LNK4099: "absl_graphcycles_internal.pdb" PDB не найден с "absl_graphcycles_internal.lib(graphcycles.obj)" или на "F:\IDA_Pro_76\ida76sp1\plugins\absl_graphcycles_internal.pdb"; компоновка объекта выполняется как при отсутствии отладочных данных
absl_hash.lib(hash.obj) : warning LNK4099: "absl_hash.pdb" PDB не найден с "absl_hash.lib(hash.obj)" или на "F:\IDA_Pro_76\ida76sp1\plugins\absl_hash.pdb"; компоновка объекта выполняется как при отсутствии отладочных данных
absl_int128.lib(int128.obj) : warning LNK4099: "absl_int128.pdb" PDB не найден с "absl_int128.lib(int128.obj)" или на "F:\IDA_Pro_76\ida76sp1\plugins\absl_int128.pdb"; компоновка объекта выполняется как при отсутствии отладочных данных
absl_malloc_internal.lib(low_level_alloc.obj) : warning LNK4099: "absl_malloc_internal.pdb" PDB не найден с "absl_malloc_internal.lib(low_level_alloc.obj)" или на "F:\IDA_Pro_76\ida76sp1\plugins\absl_malloc_internal.pdb"; компоновка объекта выполняется как при отсутствии отладочных данных
absl_raw_hash_set.lib(raw_hash_set.obj) : warning LNK4099: "absl_raw_hash_set.pdb" PDB не найден с "absl_raw_hash_set.lib(raw_hash_set.obj)" или на "F:\IDA_Pro_76\ida76sp1\plugins\absl_raw_hash_set.pdb"; компоновка объекта выполняется как при отсутствии отладочных данных
absl_raw_logging_internal.lib(raw_logging.obj) : warning LNK4099: "absl_raw_logging_internal.pdb" PDB не найден с "absl_raw_logging_internal.lib(raw_logging.obj)" или на "F:\IDA_Pro_76\ida76sp1\plugins\absl_raw_logging_internal.pdb"; компоновка объекта выполняется как при отсутствии отладочных данных
absl_spinlock_wait.lib(spinlock_wait.obj) : warning LNK4099: "absl_spinlock_wait.pdb" PDB не найден с "absl_spinlock_wait.lib(spinlock_wait.obj)" или на "F:\IDA_Pro_76\ida76sp1\plugins\absl_spinlock_wait.pdb"; компоновка объекта выполняется как при отсутствии отладочных данных
absl_status.lib(status.obj) : warning LNK4099: "absl_status.pdb" PDB не найден с "absl_status.lib(status.obj)" или на "F:\IDA_Pro_76\ida76sp1\plugins\absl_status.pdb"; компоновка объекта выполняется как при отсутствии отладочных данных
absl_status.lib(status_payload_printer.obj) : warning LNK4099: "absl_status.pdb" PDB не найден с "absl_status.lib(status_payload_printer.obj)" или на "F:\IDA_Pro_76\ida76sp1\plugins\absl_status.pdb"; компоновка объекта выполняется как при отсутствии отладочных данных
absl_statusor.lib(statusor.obj) : warning LNK4099: "absl_statusor.pdb" PDB не найден с "absl_statusor.lib(statusor.obj)" или на "F:\IDA_Pro_76\ida76sp1\plugins\absl_statusor.pdb"; компоновка объекта выполняется как при отсутствии отладочных данных
absl_strings.lib(ascii.obj) : warning LNK4099: "absl_strings.pdb" PDB не найден с "absl_strings.lib(ascii.obj)" или на "F:\IDA_Pro_76\ida76sp1\plugins\absl_strings.pdb"; компоновка объекта выполняется как при отсутствии отладочных данных
absl_strings.lib(charconv.obj) : warning LNK4099: "absl_strings.pdb" PDB не найден с "absl_strings.lib(charconv.obj)" или на "F:\IDA_Pro_76\ida76sp1\plugins\absl_strings.pdb"; компоновка объекта выполняется как при отсутствии отладочных данных
absl_strings.lib(escaping.obj) : warning LNK4099: "absl_strings.pdb" PDB не найден с "absl_strings.lib(escaping.obj)" или на "F:\IDA_Pro_76\ida76sp1\plugins\absl_strings.pdb"; компоновка объекта выполняется как при отсутствии отладочных данных
absl_strings.lib(charconv_bigint.obj) : warning LNK4099: "absl_strings.pdb" PDB не найден с "absl_strings.lib(charconv_bigint.obj)" или на "F:\IDA_Pro_76\ida76sp1\plugins\absl_strings.pdb"; компоновка объекта выполняется как при отсутствии отладочных данных
absl_strings.lib(charconv_parse.obj) : warning LNK4099: "absl_strings.pdb" PDB не найден с "absl_strings.lib(charconv_parse.obj)" или на "F:\IDA_Pro_76\ida76sp1\plugins\absl_strings.pdb"; компоновка объекта выполняется как при отсутствии отладочных данных
absl_strings.lib(memutil.obj) : warning LNK4099: "absl_strings.pdb" PDB не найден с "absl_strings.lib(memutil.obj)" или на "F:\IDA_Pro_76\ida76sp1\plugins\absl_strings.pdb"; компоновка объекта выполняется как при отсутствии отладочных данных
absl_strings.lib(match.obj) : warning LNK4099: "absl_strings.pdb" PDB не найден с "absl_strings.lib(match.obj)" или на "F:\IDA_Pro_76\ida76sp1\plugins\absl_strings.pdb"; компоновка объекта выполняется как при отсутствии отладочных данных
absl_strings.lib(numbers.obj) : warning LNK4099: "absl_strings.pdb" PDB не найден с "absl_strings.lib(numbers.obj)" или на "F:\IDA_Pro_76\ida76sp1\plugins\absl_strings.pdb"; компоновка объекта выполняется как при отсутствии отладочных данных
absl_strings.lib(str_cat.obj) : warning LNK4099: "absl_strings.pdb" PDB не найден с "absl_strings.lib(str_cat.obj)" или на "F:\IDA_Pro_76\ida76sp1\plugins\absl_strings.pdb"; компоновка объекта выполняется как при отсутствии отладочных данных
absl_strings.lib(str_replace.obj) : warning LNK4099: "absl_strings.pdb" PDB не найден с "absl_strings.lib(str_replace.obj)" или на "F:\IDA_Pro_76\ida76sp1\plugins\absl_strings.pdb"; компоновка объекта выполняется как при отсутствии отладочных данных
absl_strings.lib(string_view.obj) : warning LNK4099: "absl_strings.pdb" PDB не найден с "absl_strings.lib(string_view.obj)" или на "F:\IDA_Pro_76\ida76sp1\plugins\absl_strings.pdb"; компоновка объекта выполняется как при отсутствии отладочных данных
absl_strings_internal.lib(utf8.obj) : warning LNK4099: "absl_strings_internal.pdb" PDB не найден с "absl_strings_internal.lib(utf8.obj)" или на "F:\IDA_Pro_76\ida76sp1\plugins\absl_strings_internal.pdb"; компоновка объекта выполняется как при отсутствии отладочных данных
absl_strings_internal.lib(escaping.obj) : warning LNK4099: "absl_strings_internal.pdb" PDB не найден с "absl_strings_internal.lib(escaping.obj)" или на "F:\IDA_Pro_76\ida76sp1\plugins\absl_strings_internal.pdb"; компоновка объекта выполняется как при отсутствии отладочных данных
absl_str_format_internal.lib(arg.obj) : warning LNK4099: "absl_str_format_internal.pdb" PDB не найден с "absl_str_format_internal.lib(arg.obj)" или на "F:\IDA_Pro_76\ida76sp1\plugins\absl_str_format_internal.pdb"; компоновка объекта выполняется как при отсутствии отладочных данных
absl_str_format_internal.lib(bind.obj) : warning LNK4099: "absl_str_format_internal.pdb" PDB не найден с "absl_str_format_internal.lib(bind.obj)" или на "F:\IDA_Pro_76\ida76sp1\plugins\absl_str_format_internal.pdb"; компоновка объекта выполняется как при отсутствии отладочных данных
absl_str_format_internal.lib(extension.obj) : warning LNK4099: "absl_str_format_internal.pdb" PDB не найден с "absl_str_format_internal.lib(extension.obj)" или на "F:\IDA_Pro_76\ida76sp1\plugins\absl_str_format_internal.pdb"; компоновка объекта выполняется как при отсутствии отладочных данных
absl_str_format_internal.lib(float_conversion.obj) : warning LNK4099: "absl_str_format_internal.pdb" PDB не найден с "absl_str_format_internal.lib(float_conversion.obj)" или на "F:\IDA_Pro_76\ida76sp1\plugins\absl_str_format_internal.pdb"; компоновка объекта выполняется как при отсутствии отладочных данных
absl_str_format_internal.lib(output.obj) : warning LNK4099: "absl_str_format_internal.pdb" PDB не найден с "absl_str_format_internal.lib(output.obj)" или на "F:\IDA_Pro_76\ida76sp1\plugins\absl_str_format_internal.pdb"; компоновка объекта выполняется как при отсутствии отладочных данных
absl_str_format_internal.lib(parser.obj) : warning LNK4099: "absl_str_format_internal.pdb" PDB не найден с "absl_str_format_internal.lib(parser.obj)" или на "F:\IDA_Pro_76\ida76sp1\plugins\absl_str_format_internal.pdb"; компоновка объекта выполняется как при отсутствии отладочных данных
absl_synchronization.lib(create_thread_identity.obj) : warning LNK4099: "absl_synchronization.pdb" PDB не найден с "absl_synchronization.lib(create_thread_identity.obj)" или на "F:\IDA_Pro_76\ida76sp1\plugins\absl_synchronization.pdb"; компоновка объекта выполняется как при отсутствии отладочных данных
absl_synchronization.lib(per_thread_sem.obj) : warning LNK4099: "absl_synchronization.pdb" PDB не найден с "absl_synchronization.lib(per_thread_sem.obj)" или на "F:\IDA_Pro_76\ida76sp1\plugins\absl_synchronization.pdb"; компоновка объекта выполняется как при отсутствии отладочных данных
absl_synchronization.lib(waiter.obj) : warning LNK4099: "absl_synchronization.pdb" PDB не найден с "absl_synchronization.lib(waiter.obj)" или на "F:\IDA_Pro_76\ida76sp1\plugins\absl_synchronization.pdb"; компоновка объекта выполняется как при отсутствии отладочных данных
absl_synchronization.lib(mutex.obj) : warning LNK4099: "absl_synchronization.pdb" PDB не найден с "absl_synchronization.lib(mutex.obj)" или на "F:\IDA_Pro_76\ida76sp1\plugins\absl_synchronization.pdb"; компоновка объекта выполняется как при отсутствии отладочных данных
absl_throw_delegate.lib(throw_delegate.obj) : warning LNK4099: "absl_throw_delegate.pdb" PDB не найден с "absl_throw_delegate.lib(throw_delegate.obj)" или на "F:\IDA_Pro_76\ida76sp1\plugins\absl_throw_delegate.pdb"; компоновка объекта выполняется как при отсутствии отладочных данных
absl_time.lib(clock.obj) : warning LNK4099: "absl_time.pdb" PDB не найден с "absl_time.lib(clock.obj)" или на "F:\IDA_Pro_76\ida76sp1\plugins\absl_time.pdb"; компоновка объекта выполняется как при отсутствии отладочных данных
absl_time.lib(duration.obj) : warning LNK4099: "absl_time.pdb" PDB не найден с "absl_time.lib(duration.obj)" или на "F:\IDA_Pro_76\ida76sp1\plugins\absl_time.pdb"; компоновка объекта выполняется как при отсутствии отладочных данных
absl_time.lib(format.obj) : warning LNK4099: "absl_time.pdb" PDB не найден с "absl_time.lib(format.obj)" или на "F:\IDA_Pro_76\ida76sp1\plugins\absl_time.pdb"; компоновка объекта выполняется как при отсутствии отладочных данных
absl_time.lib(time.obj) : warning LNK4099: "absl_time.pdb" PDB не найден с "absl_time.lib(time.obj)" или на "F:\IDA_Pro_76\ida76sp1\plugins\absl_time.pdb"; компоновка объекта выполняется как при отсутствии отладочных данных
absl_time_zone.lib(time_zone_fixed.obj) : warning LNK4099: "absl_time_zone.pdb" PDB не найден с "absl_time_zone.lib(time_zone_fixed.obj)" или на "F:\IDA_Pro_76\ida76sp1\plugins\absl_time_zone.pdb"; компоновка объекта выполняется как при отсутствии отладочных данных
absl_time_zone.lib(time_zone_format.obj) : warning LNK4099: "absl_time_zone.pdb" PDB не найден с "absl_time_zone.lib(time_zone_format.obj)" или на "F:\IDA_Pro_76\ida76sp1\plugins\absl_time_zone.pdb"; компоновка объекта выполняется как при отсутствии отладочных данных
absl_time_zone.lib(time_zone_if.obj) : warning LNK4099: "absl_time_zone.pdb" PDB не найден с "absl_time_zone.lib(time_zone_if.obj)" или на "F:\IDA_Pro_76\ida76sp1\plugins\absl_time_zone.pdb"; компоновка объекта выполняется как при отсутствии отладочных данных
absl_time_zone.lib(time_zone_impl.obj) : warning LNK4099: "absl_time_zone.pdb" PDB не найден с "absl_time_zone.lib(time_zone_impl.obj)" или на "F:\IDA_Pro_76\ida76sp1\plugins\absl_time_zone.pdb"; компоновка объекта выполняется как при отсутствии отладочных данных
absl_time_zone.lib(time_zone_info.obj) : warning LNK4099: "absl_time_zone.pdb" PDB не найден с "absl_time_zone.lib(time_zone_info.obj)" или на "F:\IDA_Pro_76\ida76sp1\plugins\absl_time_zone.pdb"; компоновка объекта выполняется как при отсутствии отладочных данных
absl_time_zone.lib(time_zone_libc.obj) : warning LNK4099: "absl_time_zone.pdb" PDB не найден с "absl_time_zone.lib(time_zone_libc.obj)" или на "F:\IDA_Pro_76\ida76sp1\plugins\absl_time_zone.pdb"; компоновка объекта выполняется как при отсутствии отладочных данных
absl_time_zone.lib(time_zone_lookup.obj) : warning LNK4099: "absl_time_zone.pdb" PDB не найден с "absl_time_zone.lib(time_zone_lookup.obj)" или на "F:\IDA_Pro_76\ida76sp1\plugins\absl_time_zone.pdb"; компоновка объекта выполняется как при отсутствии отладочных данных
absl_time_zone.lib(time_zone_posix.obj) : warning LNK4099: "absl_time_zone.pdb" PDB не найден с "absl_time_zone.lib(time_zone_posix.obj)" или на "F:\IDA_Pro_76\ida76sp1\plugins\absl_time_zone.pdb"; компоновка объекта выполняется как при отсутствии отладочных данных
absl_time_zone.lib(zone_info_source.obj) : warning LNK4099: "absl_time_zone.pdb" PDB не найден с "absl_time_zone.lib(zone_info_source.obj)" или на "F:\IDA_Pro_76\ida76sp1\plugins\absl_time_zone.pdb"; компоновка объекта выполняется как при отсутствии отладочных данных
absl_wyhash.lib(wyhash.obj) : warning LNK4099: "absl_wyhash.pdb" PDB не найден с "absl_wyhash.lib(wyhash.obj)" или на "F:\IDA_Pro_76\ida76sp1\plugins\absl_wyhash.pdb"; компоновка объекта выполняется как при отсутствии отладочных данных
binexport_core.lib(flow_analysis.obj) : warning LNK4099: "binexport_core.pdb" PDB не найден с "binexport_core.lib(flow_analysis.obj)" или на "F:\IDA_Pro_76\ida76sp1\plugins\binexport_core.pdb"; компоновка объекта выполняется как при отсутствии отладочных данных
libprotobuf-lited.lib(arena.obj) : warning LNK4099: "libprotobuf-lite.pdb" PDB не найден с "libprotobuf-lited.lib(arena.obj)" или на "F:\IDA_Pro_76\ida76sp1\plugins\libprotobuf-lite.pdb"; компоновка объекта выполняется как при отсутствии отладочных данных
libprotobuf-lited.lib(arenastring.obj) : warning LNK4099: "libprotobuf-lite.pdb" PDB не найден с "libprotobuf-lited.lib(arenastring.obj)" или на "F:\IDA_Pro_76\ida76sp1\plugins\libprotobuf-lite.pdb"; компоновка объекта выполняется как при отсутствии отладочных данных
libprotobuf-lited.lib(extension_set.obj) : warning LNK4099: "libprotobuf-lite.pdb" PDB не найден с "libprotobuf-lited.lib(extension_set.obj)" или на "F:\IDA_Pro_76\ida76sp1\plugins\libprotobuf-lite.pdb"; компоновка объекта выполняется как при отсутствии отладочных данных
libprotobuf-lited.lib(generated_message_util.obj) : warning LNK4099: "libprotobuf-lite.pdb" PDB не найден с "libprotobuf-lited.lib(generated_message_util.obj)" или на "F:\IDA_Pro_76\ida76sp1\plugins\libprotobuf-lite.pdb"; компоновка объекта выполняется как при отсутствии отладочных данных
libprotobuf-lited.lib(implicit_weak_message.obj) : warning LNK4099: "libprotobuf-lite.pdb" PDB не найден с "libprotobuf-lited.lib(implicit_weak_message.obj)" или на "F:\IDA_Pro_76\ida76sp1\plugins\libprotobuf-lite.pdb"; компоновка объекта выполняется как при отсутствии отладочных данных
libprotobuf-lited.lib(coded_stream.obj) : warning LNK4099: "libprotobuf-lite.pdb" PDB не найден с "libprotobuf-lited.lib(coded_stream.obj)" или на "F:\IDA_Pro_76\ida76sp1\plugins\libprotobuf-lite.pdb"; компоновка объекта выполняется как при отсутствии отладочных данных
libprotobuf-lited.lib(io_win32.obj) : warning LNK4099: "libprotobuf-lite.pdb" PDB не найден с "libprotobuf-lited.lib(io_win32.obj)" или на "F:\IDA_Pro_76\ida76sp1\plugins\libprotobuf-lite.pdb"; компоновка объекта выполняется как при отсутствии отладочных данных
libprotobuf-lited.lib(zero_copy_stream.obj) : warning LNK4099: "libprotobuf-lite.pdb" PDB не найден с "libprotobuf-lited.lib(zero_copy_stream.obj)" или на "F:\IDA_Pro_76\ida76sp1\plugins\libprotobuf-lite.pdb"; компоновка объекта выполняется как при отсутствии отладочных данных
libprotobuf-lited.lib(zero_copy_stream_impl.obj) : warning LNK4099: "libprotobuf-lite.pdb" PDB не найден с "libprotobuf-lited.lib(zero_copy_stream_impl.obj)" или на "F:\IDA_Pro_76\ida76sp1\plugins\libprotobuf-lite.pdb"; компоновка объекта выполняется как при отсутствии отладочных данных
libprotobuf-lited.lib(zero_copy_stream_impl_lite.obj) : warning LNK4099: "libprotobuf-lite.pdb" PDB не найден с "libprotobuf-lited.lib(zero_copy_stream_impl_lite.obj)" или на "F:\IDA_Pro_76\ida76sp1\plugins\libprotobuf-lite.pdb"; компоновка объекта выполняется как при отсутствии отладочных данных
libprotobuf-lited.lib(message_lite.obj) : warning LNK4099: "libprotobuf-lite.pdb" PDB не найден с "libprotobuf-lited.lib(message_lite.obj)" или на "F:\IDA_Pro_76\ida76sp1\plugins\libprotobuf-lite.pdb"; компоновка объекта выполняется как при отсутствии отладочных данных
libprotobuf-lited.lib(parse_context.obj) : warning LNK4099: "libprotobuf-lite.pdb" PDB не найден с "libprotobuf-lited.lib(parse_context.obj)" или на "F:\IDA_Pro_76\ida76sp1\plugins\libprotobuf-lite.pdb"; компоновка объекта выполняется как при отсутствии отладочных данных
libprotobuf-lited.lib(repeated_field.obj) : warning LNK4099: "libprotobuf-lite.pdb" PDB не найден с "libprotobuf-lited.lib(repeated_field.obj)" или на "F:\IDA_Pro_76\ida76sp1\plugins\libprotobuf-lite.pdb"; компоновка объекта выполняется как при отсутствии отладочных данных
libprotobuf-lited.lib(common.obj) : warning LNK4099: "libprotobuf-lite.pdb" PDB не найден с "libprotobuf-lited.lib(common.obj)" или на "F:\IDA_Pro_76\ida76sp1\plugins\libprotobuf-lite.pdb"; компоновка объекта выполняется как при отсутствии отладочных данных
libprotobuf-lited.lib(int128.obj) : warning LNK4099: "libprotobuf-lite.pdb" PDB не найден с "libprotobuf-lited.lib(int128.obj)" или на "F:\IDA_Pro_76\ida76sp1\plugins\libprotobuf-lite.pdb"; компоновка объекта выполняется как при отсутствии отладочных данных
libprotobuf-lited.lib(status.obj) : warning LNK4099: "libprotobuf-lite.pdb" PDB не найден с "libprotobuf-lited.lib(status.obj)" или на "F:\IDA_Pro_76\ida76sp1\plugins\libprotobuf-lite.pdb"; компоновка объекта выполняется как при отсутствии отладочных данных
libprotobuf-lited.lib(stringpiece.obj) : warning LNK4099: "libprotobuf-lite.pdb" PDB не найден с "libprotobuf-lited.lib(stringpiece.obj)" или на "F:\IDA_Pro_76\ida76sp1\plugins\libprotobuf-lite.pdb"; компоновка объекта выполняется как при отсутствии отладочных данных
libprotobuf-lited.lib(stringprintf.obj) : warning LNK4099: "libprotobuf-lite.pdb" PDB не найден с "libprotobuf-lited.lib(stringprintf.obj)" или на "F:\IDA_Pro_76\ida76sp1\plugins\libprotobuf-lite.pdb"; компоновка объекта выполняется как при отсутствии отладочных данных
libprotobuf-lited.lib(structurally_valid.obj) : warning LNK4099: "libprotobuf-lite.pdb" PDB не найден с "libprotobuf-lited.lib(structurally_valid.obj)" или на "F:\IDA_Pro_76\ida76sp1\plugins\libprotobuf-lite.pdb"; компоновка объекта выполняется как при отсутствии отладочных данных
libprotobuf-lited.lib(strutil.obj) : warning LNK4099: "libprotobuf-lite.pdb" PDB не найден с "libprotobuf-lited.lib(strutil.obj)" или на "F:\IDA_Pro_76\ida76sp1\plugins\libprotobuf-lite.pdb"; компоновка объекта выполняется как при отсутствии отладочных данных
libprotobuf-lited.lib(wire_format_lite.obj) : warning LNK4099: "libprotobuf-lite.pdb" PDB не найден с "libprotobuf-lited.lib(wire_format_lite.obj)" или на "F:\IDA_Pro_76\ida76sp1\plugins\libprotobuf-lite.pdb"; компоновка объекта выполняется как при отсутствии отладочных данных
libprotobufd.lib(any_lite.obj) : warning LNK4099: "libprotobuf.pdb" PDB не найден с "libprotobufd.lib(any_lite.obj)" или на "F:\IDA_Pro_76\ida76sp1\plugins\libprotobuf.pdb"; компоновка объекта выполняется как при отсутствии отладочных данных
libprotobufd.lib(strtod.obj) : warning LNK4099: "libprotobuf.pdb" PDB не найден с "libprotobufd.lib(strtod.obj)" или на "F:\IDA_Pro_76\ida76sp1\plugins\libprotobuf.pdb"; компоновка объекта выполняется как при отсутствии отладочных данных
libprotobufd.lib(map.obj) : warning LNK4099: "libprotobuf.pdb" PDB не найден с "libprotobufd.lib(map.obj)" или на "F:\IDA_Pro_76\ida76sp1\plugins\libprotobuf.pdb"; компоновка объекта выполняется как при отсутствии отладочных данных
libprotobufd.lib(any.obj) : warning LNK4099: "libprotobuf.pdb" PDB не найден с "libprotobufd.lib(any.obj)" или на "F:\IDA_Pro_76\ida76sp1\plugins\libprotobuf.pdb"; компоновка объекта выполняется как при отсутствии отладочных данных
libprotobufd.lib(descriptor.obj) : warning LNK4099: "libprotobuf.pdb" PDB не найден с "libprotobufd.lib(descriptor.obj)" или на "F:\IDA_Pro_76\ida76sp1\plugins\libprotobuf.pdb"; компоновка объекта выполняется как при отсутствии отладочных данных
libprotobufd.lib(descriptor.pb.obj) : warning LNK4099: "libprotobuf.pdb" PDB не найден с "libprotobufd.lib(descriptor.pb.obj)" или на "F:\IDA_Pro_76\ida76sp1\plugins\libprotobuf.pdb"; компоновка объекта выполняется как при отсутствии отладочных данных
libprotobufd.lib(descriptor_database.obj) : warning LNK4099: "libprotobuf.pdb" PDB не найден с "libprotobufd.lib(descriptor_database.obj)" или на "F:\IDA_Pro_76\ida76sp1\plugins\libprotobuf.pdb"; компоновка объекта выполняется как при отсутствии отладочных данных
libprotobufd.lib(dynamic_message.obj) : warning LNK4099: "libprotobuf.pdb" PDB не найден с "libprotobufd.lib(dynamic_message.obj)" или на "F:\IDA_Pro_76\ida76sp1\plugins\libprotobuf.pdb"; компоновка объекта выполняется как при отсутствии отладочных данных
libprotobufd.lib(extension_set_heavy.obj) : warning LNK4099: "libprotobuf.pdb" PDB не найден с "libprotobufd.lib(extension_set_heavy.obj)" или на "F:\IDA_Pro_76\ida76sp1\plugins\libprotobuf.pdb"; компоновка объекта выполняется как при отсутствии отладочных данных
libprotobufd.lib(generated_message_reflection.obj) : warning LNK4099: "libprotobuf.pdb" PDB не найден с "libprotobufd.lib(generated_message_reflection.obj)" или на "F:\IDA_Pro_76\ida76sp1\plugins\libprotobuf.pdb"; компоновка объекта выполняется как при отсутствии отладочных данных
libprotobufd.lib(tokenizer.obj) : warning LNK4099: "libprotobuf.pdb" PDB не найден с "libprotobufd.lib(tokenizer.obj)" или на "F:\IDA_Pro_76\ida76sp1\plugins\libprotobuf.pdb"; компоновка объекта выполняется как при отсутствии отладочных данных
libprotobufd.lib(map_field.obj) : warning LNK4099: "libprotobuf.pdb" PDB не найден с "libprotobufd.lib(map_field.obj)" или на "F:\IDA_Pro_76\ida76sp1\plugins\libprotobuf.pdb"; компоновка объекта выполняется как при отсутствии отладочных данных
libprotobufd.lib(message.obj) : warning LNK4099: "libprotobuf.pdb" PDB не найден с "libprotobufd.lib(message.obj)" или на "F:\IDA_Pro_76\ida76sp1\plugins\libprotobuf.pdb"; компоновка объекта выполняется как при отсутствии отладочных данных
libprotobufd.lib(reflection_ops.obj) : warning LNK4099: "libprotobuf.pdb" PDB не найден с "libprotobufd.lib(reflection_ops.obj)" или на "F:\IDA_Pro_76\ida76sp1\plugins\libprotobuf.pdb"; компоновка объекта выполняется как при отсутствии отладочных данных
libprotobufd.lib(substitute.obj) : warning LNK4099: "libprotobuf.pdb" PDB не найден с "libprotobufd.lib(substitute.obj)" или на "F:\IDA_Pro_76\ida76sp1\plugins\libprotobuf.pdb"; компоновка объекта выполняется как при отсутствии отладочных данных
libprotobufd.lib(text_format.obj) : warning LNK4099: "libprotobuf.pdb" PDB не найден с "libprotobufd.lib(text_format.obj)" или на "F:\IDA_Pro_76\ida76sp1\plugins\libprotobuf.pdb"; компоновка объекта выполняется как при отсутствии отладочных данных
libprotobufd.lib(unknown_field_set.obj) : warning LNK4099: "libprotobuf.pdb" PDB не найден с "libprotobufd.lib(unknown_field_set.obj)" или на "F:\IDA_Pro_76\ida76sp1\plugins\libprotobuf.pdb"; компоновка объекта выполняется как при отсутствии отладочных данных
libprotobufd.lib(wire_format.obj) : warning LNK4099: "libprotobuf.pdb" PDB не найден с "libprotobufd.lib(wire_format.obj)" или на "F:\IDA_Pro_76\ida76sp1\plugins\libprotobuf.pdb"; компоновка объекта выполняется как при отсутствии отладочных данных
  IdaPlugin.vcxproj -> F:\IDA_Pro_76\ida76sp1\plugins\IdaPlugin64.dll
  IdaPlugin.vcxproj -> F:\IDA_Pro_76\ida76sp1\plugins\IdaPlugin64.pdb (Full PDB)
