d:\documents\visual studio 2015\projects\idaplugin - vs2015\idaplugin\x64\release64\first_window.obj
d:\documents\visual studio 2015\projects\idaplugin - vs2015\idaplugin\x64\release64\filesystem.obj
d:\documents\visual studio 2015\projects\idaplugin - vs2015\idaplugin\x64\release64\expression.obj
d:\documents\visual studio 2015\projects\idaplugin - vs2015\idaplugin\x64\release64\entry_point.obj
d:\documents\visual studio 2015\projects\idaplugin - vs2015\idaplugin\x64\release64\edge.obj
d:\documents\visual studio 2015\projects\idaplugin - vs2015\idaplugin\x64\release64\dump_writer.obj
d:\documents\visual studio 2015\projects\idaplugin - vs2015\idaplugin\x64\release64\digest.obj
d:\documents\visual studio 2015\projects\idaplugin - vs2015\idaplugin\x64\release64\db_connection.obj
d:\documents\visual studio 2015\projects\idaplugin - vs2015\idaplugin\x64\release64\dalvik.obj
d:\documents\visual studio 2015\projects\idaplugin - vs2015\idaplugin\x64\release64\comment.obj
d:\documents\visual studio 2015\projects\idaplugin - vs2015\idaplugin\x64\release64\call_graph.obj
d:\documents\visual studio 2015\projects\idaplugin - vs2015\idaplugin\x64\release64\binexport_class.obj
d:\documents\visual studio 2015\projects\idaplugin - vs2015\idaplugin\x64\release64\binexport2_writer.obj
d:\documents\visual studio 2015\projects\idaplugin - vs2015\idaplugin\x64\release64\binexport2.pb.obj
d:\documents\visual studio 2015\projects\idaplugin - vs2015\idaplugin\x64\release64\binexport.obj
d:\documents\visual studio 2015\projects\idaplugin - vs2015\idaplugin\x64\release64\basic_block.obj
d:\documents\visual studio 2015\projects\idaplugin - vs2015\idaplugin\x64\release64\base_types.obj
d:\documents\visual studio 2015\projects\idaplugin - vs2015\idaplugin\x64\release64\arm.obj
d:\documents\visual studio 2015\projects\idaplugin - vs2015\idaplugin\x64\release64\address_references.obj
d:\documents\visual studio 2015\projects\idaplugin - vs2015\idaplugin\x64\release64\key_press_cmdline.obj
d:\documents\visual studio 2015\projects\idaplugin - vs2015\idaplugin\x64\release64\instruction.obj
d:\documents\visual studio 2015\projects\idaplugin - vs2015\idaplugin\x64\release64\idb_export.obj
d:\documents\visual studio 2015\projects\idaplugin - vs2015\idaplugin\x64\release64\highlight.obj
d:\documents\visual studio 2015\projects\idaplugin - vs2015\idaplugin\x64\release64\help_functions.obj
d:\documents\visual studio 2015\projects\idaplugin - vs2015\idaplugin\x64\release64\hash.obj
d:\documents\visual studio 2015\projects\idaplugin - vs2015\idaplugin\x64\release64\generic.obj
d:\documents\visual studio 2015\projects\idaplugin - vs2015\idaplugin\x64\release64\moc_tree_window.obj
d:\documents\visual studio 2015\projects\idaplugin - vs2015\idaplugin\x64\release64\moc_start_window.obj
d:\documents\visual studio 2015\projects\idaplugin - vs2015\idaplugin\x64\release64\moc_notepad_window.obj
d:\documents\visual studio 2015\projects\idaplugin - vs2015\idaplugin\x64\release64\moc_key_press_eater.obj
d:\documents\visual studio 2015\projects\idaplugin - vs2015\idaplugin\x64\release64\moc_key_press_cmdline.obj
d:\documents\visual studio 2015\projects\idaplugin - vs2015\idaplugin\x64\release64\moc_first_window.obj
d:\documents\visual studio 2015\projects\idaplugin - vs2015\idaplugin\x64\release64\moc_db_connection.obj
d:\documents\visual studio 2015\projects\idaplugin - vs2015\idaplugin\x64\release64\moc_binexport_class.obj
d:\documents\visual studio 2015\projects\idaplugin - vs2015\idaplugin\x64\release64\function_utils.obj
d:\documents\visual studio 2015\projects\idaplugin - vs2015\idaplugin\x64\release64\function.obj
d:\documents\visual studio 2015\projects\idaplugin - vs2015\idaplugin\x64\release64\format.obj
d:\documents\visual studio 2015\projects\idaplugin - vs2015\idaplugin\x64\release64\flow_graph.obj
d:\documents\visual studio 2015\projects\idaplugin - vs2015\idaplugin\x64\release64\flow_analysis.obj
d:\documents\visual studio 2015\projects\idaplugin - vs2015\idaplugin\x64\release64\symbolize.obj
d:\documents\visual studio 2015\projects\idaplugin - vs2015\idaplugin\x64\release64\stacktrace.obj
d:\documents\visual studio 2015\projects\idaplugin - vs2015\idaplugin\x64\release64\testing.obj
d:\documents\visual studio 2015\projects\idaplugin - vs2015\idaplugin\x64\release64\statistics_writer.obj
d:\documents\visual studio 2015\projects\idaplugin - vs2015\idaplugin\x64\release64\start_window.obj
d:\documents\visual studio 2015\projects\idaplugin - vs2015\idaplugin\x64\release64\stack_utils.obj
d:\documents\visual studio 2015\projects\idaplugin - vs2015\idaplugin\x64\release64\settings.obj
d:\documents\visual studio 2015\projects\idaplugin - vs2015\idaplugin\x64\release64\process.obj
d:\documents\visual studio 2015\projects\idaplugin - vs2015\idaplugin\x64\release64\ppc.obj
d:\documents\visual studio 2015\projects\idaplugin - vs2015\idaplugin\x64\release64\pe_heders.obj
d:\documents\visual studio 2015\projects\idaplugin - vs2015\idaplugin\x64\release64\operand.obj
d:\documents\visual studio 2015\projects\idaplugin - vs2015\idaplugin\x64\release64\notepad_window.obj
d:\documents\visual studio 2015\projects\idaplugin - vs2015\idaplugin\x64\release64\names.obj
d:\documents\visual studio 2015\projects\idaplugin - vs2015\idaplugin\x64\release64\mips.obj
d:\documents\visual studio 2015\projects\idaplugin - vs2015\idaplugin\x64\release64\metapc.obj
d:\documents\visual studio 2015\projects\idaplugin - vs2015\idaplugin\x64\release64\main.obj
d:\documents\visual studio 2015\projects\idaplugin - vs2015\idaplugin\x64\release64\log_sink.obj
d:\documents\visual studio 2015\projects\idaplugin - vs2015\idaplugin\x64\release64\logging.obj
d:\documents\visual studio 2015\projects\idaplugin - vs2015\idaplugin\x64\release64\library_manager.obj
d:\documents\visual studio 2015\projects\idaplugin - vs2015\idaplugin\x64\release64\key_press_eater.obj
d:\documents\visual studio 2015\projects\idaplugin - vs2015\idaplugin\x64\release64\x86_nop.obj
d:\documents\visual studio 2015\projects\idaplugin - vs2015\idaplugin\x64\release64\virtual_memory.obj
d:\documents\visual studio 2015\projects\idaplugin - vs2015\idaplugin\x64\release64\util.obj
d:\documents\visual studio 2015\projects\idaplugin - vs2015\idaplugin\x64\release64\ui.obj
d:\documents\visual studio 2015\projects\idaplugin - vs2015\idaplugin\x64\release64\type_system.obj
d:\documents\visual studio 2015\projects\idaplugin - vs2015\idaplugin\x64\release64\types_container.obj
d:\documents\visual studio 2015\projects\idaplugin - vs2015\idaplugin\x64\release64\tree_window.obj
d:\documents\visual studio 2015\projects\idaplugin - vs2015\idaplugin\x64\release64\jsoncpp.obj
d:\documents\visual studio 2015\projects\idaplugin - vs2015\idaplugin\x64\release64\exporter.obj
d:\documents\visual studio 2015\projects\idaplugin - vs2015\idaplugin\generatedfiles\release64\moc_myactions.cpp
d:\documents\visual studio 2015\projects\idaplugin - vs2015\idaplugin\generatedfiles\release64\moc_start_window.cpp
d:\documents\visual studio 2015\projects\idaplugin - vs2015\idaplugin\generatedfiles\ui_start_window.h
d:\documents\visual studio 2015\projects\idaplugin - vs2015\idaplugin\generatedfiles\release64\moc_binexport_class.cpp
d:\documents\visual studio 2015\projects\idaplugin - vs2015\idaplugin\generatedfiles\release64\moc_key_press_cmdline.cpp
d:\documents\visual studio 2015\projects\idaplugin - vs2015\idaplugin\generatedfiles\release64\moc_db_connection.cpp
d:\documents\visual studio 2015\projects\idaplugin - vs2015\idaplugin\generatedfiles\release64\moc_key_press_eater.cpp
d:\documents\visual studio 2015\projects\idaplugin - vs2015\idaplugin\generatedfiles\release64\moc_notepad_window.cpp
d:\documents\visual studio 2015\projects\idaplugin - vs2015\idaplugin\generatedfiles\release64\moc_tree_window.cpp
d:\documents\visual studio 2015\projects\idaplugin - vs2015\idaplugin\generatedfiles\release64\moc_first_window.cpp
d:\documents\visual studio 2015\projects\idaplugin - vs2015\idaplugin\generatedfiles\ui_first_window.h
d:\documents\visual studio 2015\projects\idaplugin - vs2015\idaplugin\generatedfiles\ui_tree_window.h
d:\documents\visual studio 2015\projects\idaplugin - vs2015\idaplugin\generatedfiles\ui_notepad_window.h
d:\documents\visual studio 2015\projects\idaplugin - vs2015\idaplugin\generatedfiles\ui_db_connection.h
d:\documents\visual studio 2015\projects\idaplugin - vs2015\idaplugin\generatedfiles\ui_binexport_class.h
f:\ida_pro_76\ida76sp1\plugins\idaplugin64.lib
f:\ida_pro_76\ida76sp1\plugins\idaplugin64.exp
f:\ida_pro_76\ida76sp1\plugins\idaplugin64.dll
d:\documents\visual studio 2015\projects\idaplugin - vs2015\idaplugin\x64\release64\idaplugin.tlog\cl.command.1.tlog
d:\documents\visual studio 2015\projects\idaplugin - vs2015\idaplugin\x64\release64\idaplugin.tlog\cl.read.1.tlog
d:\documents\visual studio 2015\projects\idaplugin - vs2015\idaplugin\x64\release64\idaplugin.tlog\cl.write.1.tlog
d:\documents\visual studio 2015\projects\idaplugin - vs2015\idaplugin\x64\release64\idaplugin.tlog\custombuild.command.1.tlog
d:\documents\visual studio 2015\projects\idaplugin - vs2015\idaplugin\x64\release64\idaplugin.tlog\custombuild.read.1.tlog
d:\documents\visual studio 2015\projects\idaplugin - vs2015\idaplugin\x64\release64\idaplugin.tlog\custombuild.write.1.tlog
d:\documents\visual studio 2015\projects\idaplugin - vs2015\idaplugin\x64\release64\idaplugin.tlog\idaplugin.write.1u.tlog
d:\documents\visual studio 2015\projects\idaplugin - vs2015\idaplugin\x64\release64\idaplugin.tlog\link.command.1.tlog
d:\documents\visual studio 2015\projects\idaplugin - vs2015\idaplugin\x64\release64\idaplugin.tlog\link.read.1.tlog
d:\documents\visual studio 2015\projects\idaplugin - vs2015\idaplugin\x64\release64\idaplugin.tlog\link.write.1.tlog
